2024-12-12 13:31:00,017 - INFO - Starting processing...
2024-12-12 13:31:17,419 - INFO - Processing completed successfully.
2024-12-12 13:33:48,836 - INFO - Starting processing...
2024-12-12 13:34:06,017 - INFO - Processing completed successfully.
2024-12-12 13:36:06,793 - INFO - Starting processing...
2024-12-12 13:36:25,008 - INFO - Processing completed successfully.
2024-12-12 13:38:12,278 - INFO - Starting processing...
2024-12-12 13:38:29,665 - INFO - Processing completed successfully.
2024-12-12 13:39:45,520 - INFO - Starting processing...
2024-12-12 13:40:02,934 - INFO - Processing completed successfully.
2024-12-12 13:43:42,913 - INFO - Starting processing...
2024-12-12 13:43:58,689 - INFO - Processing completed successfully.
2024-12-12 13:46:06,731 - INFO - Starting processing...
2024-12-12 13:46:22,823 - INFO - Processing completed successfully.
2024-12-12 13:49:42,952 - INFO - Starting processing...
2024-12-12 13:50:01,841 - INFO - Processing completed successfully.
2024-12-12 14:12:55,073 - INFO - Starting processing...
2024-12-12 14:13:13,403 - INFO - Processing completed successfully.
2024-12-12 15:22:37,989 - INFO - Starting processing...
2024-12-12 15:43:12,873 - INFO - Starting processing...
2024-12-12 15:43:32,641 - INFO - Processing completed successfully.
2024-12-12 15:44:23,078 - INFO - Starting processing...
2024-12-12 15:44:42,543 - INFO - Processing completed successfully.
2024-12-12 15:46:39,880 - INFO - Starting processing...
2024-12-12 15:47:37,624 - INFO - Starting processing...
2024-12-12 15:47:57,362 - INFO - Processing completed successfully.
2024-12-12 16:51:13,065 - INFO - Starting processing...
2024-12-12 16:51:45,011 - INFO - Processing completed successfully.
2024-12-12 16:59:01,454 - INFO - Starting processing...
2024-12-12 16:59:20,979 - INFO - Processing completed successfully.
2024-12-12 16:59:25,221 - INFO - Starting processing...
2024-12-12 16:59:43,372 - INFO - Processing completed successfully.
2024-12-12 17:01:41,473 - INFO - Starting processing...
2024-12-12 17:01:54,172 - INFO - Starting processing...
2024-12-12 17:02:12,591 - INFO - Processing completed successfully.
2024-12-12 17:03:03,037 - INFO - Starting processing...
2024-12-12 17:03:12,822 - INFO - Starting processing...
2024-12-12 17:03:29,542 - INFO - Processing completed successfully.
2024-12-12 17:06:05,858 - INFO - Starting processing...
2024-12-12 17:06:23,633 - INFO - Processing completed successfully.
2024-12-12 17:13:37,437 - INFO - Starting processing...
2024-12-12 17:14:00,552 - INFO - Processing completed successfully.
2024-12-12 17:15:40,964 - INFO - Starting processing...
2024-12-12 17:16:02,673 - INFO - Processing completed successfully.
2024-12-12 18:07:39,746 - INFO - Starting processing...
2024-12-12 18:08:03,874 - INFO - Processing completed successfully.
2024-12-12 18:17:32,956 - INFO - Starting processing...
2024-12-12 18:17:54,109 - INFO - Processing completed successfully.
2024-12-12 18:19:20,554 - INFO - Starting processing...
2024-12-12 18:19:44,377 - INFO - Processing completed successfully.
2024-12-12 18:25:14,510 - INFO - Starting processing...
2024-12-12 18:25:14,519 - ERROR - Processing failed with error: name 'get_resistance_label_and_dish' is not defined
2024-12-12 18:25:27,797 - INFO - Starting processing...
2024-12-12 18:25:27,806 - ERROR - Processing failed with error: process_dish() takes 4 positional arguments but 9 were given
2024-12-12 18:26:52,260 - INFO - Starting processing...
2024-12-12 18:27:49,324 - INFO - Processing completed successfully.
2024-12-12 18:28:04,325 - INFO - Starting processing...
2024-12-12 18:28:57,322 - INFO - Processing completed successfully.
2024-12-12 18:29:11,441 - INFO - Starting processing...
2024-12-12 18:30:04,458 - INFO - Processing completed successfully.
2024-12-12 18:31:26,962 - INFO - Starting processing...
2024-12-12 18:31:26,971 - ERROR - Processing failed with error: name 'file_path' is not defined
2024-12-12 18:33:48,694 - INFO - Starting processing...
2024-12-12 18:35:40,628 - INFO - Starting processing...
2024-12-12 18:36:31,518 - INFO - Processing completed successfully.
2024-12-12 18:36:58,520 - INFO - Starting processing...
2024-12-12 18:37:45,866 - INFO - Processing completed successfully.
2024-12-12 18:38:33,408 - INFO - Starting processing...
2024-12-12 18:39:56,940 - INFO - Starting processing...
2024-12-12 18:40:47,153 - INFO - Processing completed successfully.
2024-12-12 18:40:51,752 - INFO - Starting processing...
2024-12-12 18:41:38,089 - INFO - Processing completed successfully.
2024-12-12 18:44:11,514 - INFO - Starting processing...
2024-12-12 18:44:27,799 - INFO - Processing completed successfully.
2024-12-12 18:44:38,788 - INFO - Starting processing...
2024-12-12 18:44:54,304 - INFO - Processing completed successfully.
2024-12-12 18:45:03,162 - INFO - Starting processing...
2024-12-12 18:45:24,016 - INFO - Processing completed successfully.
